<?xml version="1.0" encoding="utf-8"?><testsuites name="pytest tests"><testsuite name="pytest" errors="0" failures="0" skipped="0" tests="10" time="51.736" timestamp="2026-05-17T13:45:56.384399+00:00" hostname="agent-env-642fb4c0-6b85-4122-9f4b-132b5e8b666b"><testcase classname="backend.tests.test_interview_engine.TestHealth" name="test_root" time="0.147" /><testcase classname="backend.tests.test_interview_engine.TestLegacyEvaluateDeprecated" name="test_legacy_evaluate_answer_returns_410" time="0.052" /><testcase classname="backend.tests.test_interview_engine.TestBatchEvaluation" name="test_batch_invalid_session_404" time="0.046" /><testcase classname="backend.tests.test_interview_engine.TestBatchEvaluation" name="test_batch_evaluates_then_idempotent_then_force" time="44.951" /><testcase classname="backend.tests.test_interview_engine.TestVideoUpload" name="test_upload_empty_payload_returns_400" time="0.168" /><testcase classname="backend.tests.test_interview_engine.TestVideoUpload" name="test_upload_valid_webm_and_served" time="0.245" /><testcase classname="backend.tests.test_interview_engine.TestVideoUpload" name="test_list_videos_no_internal_fields" time="0.067" /><testcase classname="backend.tests.test_interview_engine.TestDeepCheating" name="test_get_before_post_returns_404" time="0.136" /><testcase classname="backend.tests.test_interview_engine.TestDeepCheating" name="test_post_invalid_session_404" time="0.049" /><testcase classname="backend.tests.test_interview_engine.TestDeepCheating" name="test_post_valid_session_then_get" time="5.807" /></testsuite></testsuites>