<?xml version="1.0" encoding="utf-8"?><testsuites name="pytest tests"><testsuite name="pytest" errors="0" failures="0" skipped="0" tests="11" time="20.913" timestamp="2026-05-17T13:45:31.227815+00:00" hostname="agent-env-642fb4c0-6b85-4122-9f4b-132b5e8b666b"><testcase classname="backend.tests.test_auth_and_jobs.TestRegister" name="test_register_returns_token_and_user" time="0.439" /><testcase classname="backend.tests.test_auth_and_jobs.TestRegister" name="test_register_duplicate_email_409" time="0.052" /><testcase classname="backend.tests.test_auth_and_jobs.TestLogin" name="test_login_demo_user" time="0.281" /><testcase classname="backend.tests.test_auth_and_jobs.TestLogin" name="test_login_wrong_password_401" time="0.276" /><testcase classname="backend.tests.test_auth_and_jobs.TestLogin" name="test_login_unknown_email_401" time="0.054" /><testcase classname="backend.tests.test_auth_and_jobs.TestMe" name="test_me_without_auth_401" time="0.137" /><testcase classname="backend.tests.test_auth_and_jobs.TestMe" name="test_me_with_bearer" time="0.134" /><testcase classname="backend.tests.test_auth_and_jobs.TestAnalyticsHistoryIsolation" name="test_history_anonymous_returns_empty_list" time="0.117" /><testcase classname="backend.tests.test_auth_and_jobs.TestAnalyticsHistoryIsolation" name="test_session_stamped_with_user_and_isolated" time="0.623" /><testcase classname="backend.tests.test_auth_and_jobs.TestAnalyticsHistoryIsolation" name="test_anonymous_session_does_not_leak_to_logged_in_user" time="0.253" /><testcase classname="backend.tests.test_auth_and_jobs.TestJobsRecommend" name="test_recommend_two_buckets_with_apply_links" time="18.475" /></testsuite></testsuites>